#! /usr/bin/vvp
:ivl_version "11.0 (stable)";
:ivl_delay_selection "TYPICAL";
:vpi_time_precision + 0;
:vpi_module "/usr/lib/x86_64-linux-gnu/ivl/system.vpi";
:vpi_module "/usr/lib/x86_64-linux-gnu/ivl/vhdl_sys.vpi";
:vpi_module "/usr/lib/x86_64-linux-gnu/ivl/vhdl_textio.vpi";
:vpi_module "/usr/lib/x86_64-linux-gnu/ivl/v2005_math.vpi";
:vpi_module "/usr/lib/x86_64-linux-gnu/ivl/va_math.vpi";
S_0x560bcac02030 .scope module, "user_project_wrapper_intercon" "user_project_wrapper_intercon" 2 32;
 .timescale 0 0;
    .port_info 0 /INPUT 1 "wb_clk_i";
    .port_info 1 /INPUT 1 "wb_rst_i";
    .port_info 2 /INPUT 1 "wbs_stb_i";
    .port_info 3 /INPUT 1 "wbs_cyc_i";
    .port_info 4 /INPUT 1 "wbs_we_i";
    .port_info 5 /INPUT 4 "wbs_sel_i";
    .port_info 6 /INPUT 32 "wbs_dat_i";
    .port_info 7 /INPUT 32 "wbs_adr_i";
    .port_info 8 /OUTPUT 1 "wbs_ack_o";
    .port_info 9 /OUTPUT 32 "wbs_dat_o";
    .port_info 10 /INPUT 128 "la_data_in";
    .port_info 11 /OUTPUT 128 "la_data_out";
    .port_info 12 /INPUT 128 "la_oenb";
    .port_info 13 /INPUT 38 "io_in";
    .port_info 14 /OUTPUT 38 "io_out";
    .port_info 15 /OUTPUT 38 "io_oeb";
    .port_info 16 /INOUT 29 "analog_io";
    .port_info 17 /INPUT 1 "user_clock2";
    .port_info 18 /OUTPUT 3 "user_irq";
P_0x560bcac06e10 .param/l "BITS" 0 2 33, +C4<00000000000000000000000000100000>;
v0x560bcac27590_0 .net "act", 0 0, L_0x560bcac29830;  1 drivers
v0x560bcac27650_0 .net "adone", 0 0, v0x560bcac20d80_0;  1 drivers
o0x7f6e3d439ea8 .functor BUFZ 29, C4<zzzzzzzzzzzzzzzzzzzzzzzzzzzzz>; HiZ drive
v0x560bcac27740_0 .net "analog_io", 28 0, o0x7f6e3d439ea8;  0 drivers
v0x560bcac277e0_0 .net "aout", 31 0, v0x560bcac21dc0_0;  1 drivers
v0x560bcac278f0_0 .net "aov", 0 0, v0x560bcac22060_0;  1 drivers
v0x560bcac27a30_0 .net "aun", 0 0, v0x560bcac22680_0;  1 drivers
v0x560bcac27b20_0 .net "cdone", 0 0, v0x560bcac234b0_0;  1 drivers
v0x560bcac27c10_0 .net "eq0", 0 0, v0x560bcac236d0_0;  1 drivers
v0x560bcac27d00_0 .net "great0", 0 0, v0x560bcac239d0_0;  1 drivers
v0x560bcac27da0_0 .net "in1pa", 31 0, v0x560bcac25450_0;  1 drivers
v0x560bcac27eb0_0 .net "in1pc", 31 0, v0x560bcac25520_0;  1 drivers
v0x560bcac27fc0_0 .net "in2pa", 31 0, v0x560bcac25690_0;  1 drivers
v0x560bcac280d0_0 .net "in2pc", 31 0, v0x560bcac25890_0;  1 drivers
v0x560bcac281e0_0 .net "inexacta", 0 0, v0x560bcac216e0_0;  1 drivers
v0x560bcac282d0_0 .net "inva", 0 0, v0x560bcac219e0_0;  1 drivers
v0x560bcac283c0_0 .net "invc", 0 0, v0x560bcac23dd0_0;  1 drivers
RS_0x7f6e3d439ed8 .resolv tri, L_0x560bcac3a130, L_0x560bcac3a270;
v0x560bcac284b0_0 .net8 "io_in", 37 0, RS_0x7f6e3d439ed8;  2 drivers
o0x7f6e3d439f08 .functor BUFZ 38, C4<zzzzzzzzzzzzzzzzzzzzzzzzzzzzzzzzzzzzzz>; HiZ drive
v0x560bcac28590_0 .net "io_oeb", 37 0, o0x7f6e3d439f08;  0 drivers
o0x7f6e3d439f38 .functor BUFZ 38, C4<zzzzzzzzzzzzzzzzzzzzzzzzzzzzzzzzzzzzzz>; HiZ drive
v0x560bcac28670_0 .net "io_out", 37 0, o0x7f6e3d439f38;  0 drivers
o0x7f6e3d439578 .functor BUFZ 128, C4<zzzzzzzzzzzzzzzzzzzzzzzzzzzzzzzzzzzzzzzzzzzzzzzzzzzzzzzzzzzzzzzzzzzzzzzzzzzzzzzzzzzzzzzzzzzzzzzzzzzzzzzzzzzzzzzzzzzzzzzzzzzzzzzz>; HiZ drive
v0x560bcac28750_0 .net "la_data_in", 127 0, o0x7f6e3d439578;  0 drivers
v0x560bcac28810_0 .net "la_data_out", 127 0, L_0x560bcac39d50;  1 drivers
o0x7f6e3d4395d8 .functor BUFZ 128, C4<zzzzzzzzzzzzzzzzzzzzzzzzzzzzzzzzzzzzzzzzzzzzzzzzzzzzzzzzzzzzzzzzzzzzzzzzzzzzzzzzzzzzzzzzzzzzzzzzzzzzzzzzzzzzzzzzzzzzzzzzzzzzzzzz>; HiZ drive
v0x560bcac288b0_0 .net "la_oenb", 127 0, o0x7f6e3d4395d8;  0 drivers
v0x560bcac28950_0 .net "less0", 0 0, v0x560bcac23f50_0;  1 drivers
v0x560bcac28a40_0 .net "round_mp", 2 0, L_0x560bcac29920;  1 drivers
v0x560bcac28ae0_0 .net "rstp", 0 0, L_0x560bcac07fe0;  1 drivers
o0x7f6e3d439f68 .functor BUFZ 1, C4<z>; HiZ drive
v0x560bcac28bd0_0 .net "user_clock2", 0 0, o0x7f6e3d439f68;  0 drivers
L_0x7f6e3cef70f0 .functor BUFT 1, C4<000>, C4<0>, C4<0>, C4<0>;
v0x560bcac28c70_0 .net "user_irq", 2 0, L_0x7f6e3cef70f0;  1 drivers
o0x7f6e3d4383a8 .functor BUFZ 1, C4<z>; HiZ drive
v0x560bcac28d30_0 .net "wb_clk_i", 0 0, o0x7f6e3d4383a8;  0 drivers
o0x7f6e3d4396f8 .functor BUFZ 1, C4<z>; HiZ drive
v0x560bcac28dd0_0 .net "wb_rst_i", 0 0, o0x7f6e3d4396f8;  0 drivers
L_0x7f6e3cef70a8 .functor BUFT 1, C4<0>, C4<0>, C4<0>, C4<0>;
v0x560bcac28e70_0 .net "wbs_ack_o", 0 0, L_0x7f6e3cef70a8;  1 drivers
o0x7f6e3d439758 .functor BUFZ 32, C4<zzzzzzzzzzzzzzzzzzzzzzzzzzzzzzzz>; HiZ drive
v0x560bcac28f10_0 .net "wbs_adr_i", 31 0, o0x7f6e3d439758;  0 drivers
o0x7f6e3d439788 .functor BUFZ 1, C4<z>; HiZ drive
v0x560bcac28fb0_0 .net "wbs_cyc_i", 0 0, o0x7f6e3d439788;  0 drivers
o0x7f6e3d4397b8 .functor BUFZ 32, C4<zzzzzzzzzzzzzzzzzzzzzzzzzzzzzzzz>; HiZ drive
v0x560bcac29050_0 .net "wbs_dat_i", 31 0, o0x7f6e3d4397b8;  0 drivers
L_0x7f6e3cef7060 .functor BUFT 1, C4<00000000000000000000000000000000>, C4<0>, C4<0>, C4<0>;
v0x560bcac29300_0 .net "wbs_dat_o", 31 0, L_0x7f6e3cef7060;  1 drivers
o0x7f6e3d439818 .functor BUFZ 4, C4<zzzz>; HiZ drive
v0x560bcac293a0_0 .net "wbs_sel_i", 3 0, o0x7f6e3d439818;  0 drivers
o0x7f6e3d439848 .functor BUFZ 1, C4<z>; HiZ drive
v0x560bcac29440_0 .net "wbs_stb_i", 0 0, o0x7f6e3d439848;  0 drivers
o0x7f6e3d439878 .functor BUFZ 1, C4<z>; HiZ drive
v0x560bcac294e0_0 .net "wbs_we_i", 0 0, o0x7f6e3d439878;  0 drivers
L_0x560bcac07fe0 .part o0x7f6e3d439578, 65, 1;
L_0x560bcac29830 .part o0x7f6e3d439578, 66, 1;
L_0x560bcac29920 .part o0x7f6e3d439578, 70, 3;
L_0x560bcac3a030 .part RS_0x7f6e3d439ed8, 6, 32;
L_0x560bcac3a130 .part/pv L_0x560bcac07ec0, 6, 32, 38;
L_0x7f6e3cef7018 .functor BUFT 1, C4<00000000000000000000000000000000>, C4<0>, C4<0>, C4<0>;
L_0x560bcac3a270 .part/pv L_0x7f6e3cef7018, 6, 32, 38;
S_0x560bcabe2800 .scope module, "addu" "fp_add" 2 151, 3 26 0, S_0x560bcac02030;
 .timescale 0 0;
    .port_info 0 /INPUT 32 "in1";
    .port_info 1 /INPUT 32 "in2";
    .port_info 2 /OUTPUT 32 "out";
    .port_info 3 /OUTPUT 1 "ov";
    .port_info 4 /OUTPUT 1 "un";
    .port_info 5 /OUTPUT 1 "done";
    .port_info 6 /OUTPUT 1 "inv";
    .port_info 7 /OUTPUT 1 "inexact";
    .port_info 8 /INPUT 1 "clk";
    .port_info 9 /INPUT 1 "rst";
    .port_info 10 /INPUT 3 "round_m";
P_0x560bcab7dd50 .param/l "E" 0 3 40, +C4<00000000000000000000000000011110>;
P_0x560bcab7dd90 .param/l "M" 0 3 39, +C4<00000000000000000000000000010110>;
P_0x560bcab7ddd0 .param/l "W" 0 3 38, +C4<00000000000000000000000000100000>;
v0x560bcab8d240_0 .var "E0", 7 0;
v0x560bcac08080_0 .var "E02", 7 0;
v0x560bcabf1070_0 .net "E1", 7 0, L_0x560bcac3a3a0;  1 drivers
v0x560bcabf1820_0 .var "E10", 7 0;
v0x560bcabf6d80_0 .net "E2", 7 0, L_0x560bcac3a440;  1 drivers
v0x560bcabf6e20_0 .var "E20", 7 0;
v0x560bcab42370_0 .var "Eround", 7 0;
v0x560bcac20100_0 .var "M0", 22 0;
v0x560bcac201e0_0 .var "M00", 26 0;
v0x560bcac20350_0 .var "M000", 26 0;
v0x560bcac20430_0 .var "M01", 26 0;
v0x560bcac20510_0 .var "M1", 25 0;
v0x560bcac205f0_0 .var "M10", 25 0;
v0x560bcac206d0_0 .var "M2", 25 0;
v0x560bcac207b0_0 .var "M20", 25 0;
v0x560bcac20890_0 .var "Mtemp", 25 0;
v0x560bcac20970_0 .var "S0", 0 0;
v0x560bcac20b40_0 .net "S1", 0 0, L_0x560bcac3a4e0;  1 drivers
v0x560bcac20c00_0 .net "S2", 0 0, L_0x560bcac3a610;  1 drivers
v0x560bcac20cc0_0 .net "clk", 0 0, o0x7f6e3d4383a8;  alias, 0 drivers
v0x560bcac20d80_0 .var "done", 0 0;
v0x560bcac20e40_0 .var "done0", 0 0;
v0x560bcac20f00_0 .var "done0_r", 0 0;
v0x560bcac20fc0_0 .var "done1", 0 0;
v0x560bcac21080_0 .var "done_f", 0 0;
v0x560bcac21140_0 .var "done_f_c", 0 0;
v0x560bcac21200_0 .var "forward", 0 0;
v0x560bcac212c0_0 .var "forward_c", 0 0;
v0x560bcac21380_0 .var "g", 0 0;
v0x560bcac21440_0 .var/i "i", 31 0;
v0x560bcac21520_0 .net "in1", 31 0, v0x560bcac25450_0;  alias, 1 drivers
v0x560bcac21600_0 .net "in2", 31 0, v0x560bcac25690_0;  alias, 1 drivers
v0x560bcac216e0_0 .var "inexact", 0 0;
v0x560bcac217a0_0 .var "inexact0", 0 0;
v0x560bcac21860_0 .var "inexact_f", 0 0;
v0x560bcac21920_0 .var "inexact_f_c", 0 0;
v0x560bcac219e0_0 .var "inv", 0 0;
v0x560bcac21aa0_0 .var "inv_f", 0 0;
v0x560bcac21b60_0 .var "inv_f_c", 0 0;
v0x560bcac21c20_0 .var "l", 0 0;
v0x560bcac21ce0_0 .var "next_number", 30 0;
v0x560bcac21dc0_0 .var "out", 31 0;
v0x560bcac21ea0_0 .var "out_f", 31 0;
v0x560bcac21f80_0 .var "out_f_c", 31 0;
v0x560bcac22060_0 .var "ov", 0 0;
v0x560bcac22120_0 .var "ov0", 0 0;
v0x560bcac221e0_0 .var "ov_f", 0 0;
v0x560bcac222a0_0 .var "ov_f_c", 0 0;
v0x560bcac22360_0 .net "round_m", 2 0, L_0x560bcac29920;  alias, 1 drivers
v0x560bcac22440_0 .net "rst", 0 0, L_0x560bcac07fe0;  alias, 1 drivers
v0x560bcac22500_0 .var "t", 0 0;
v0x560bcac225c0_0 .var "tmerge", 0 0;
v0x560bcac22680_0 .var "un", 0 0;
v0x560bcac22740_0 .var "un0", 0 0;
v0x560bcac22800_0 .var "un_f", 0 0;
v0x560bcac228c0_0 .var "un_f_c", 0 0;
E_0x560bcab99f30/0 .event negedge, v0x560bcac22440_0;
E_0x560bcab99f30/1 .event posedge, v0x560bcac20cc0_0;
E_0x560bcab99f30 .event/or E_0x560bcab99f30/0, E_0x560bcab99f30/1;
E_0x560bcab9a700 .event edge, v0x560bcac08080_0, v0x560bcab42370_0;
E_0x560bcab64ad0/0 .event edge, v0x560bcab8d240_0, v0x560bcac20430_0, v0x560bcac21ce0_0, v0x560bcac22500_0;
E_0x560bcab64ad0/1 .event edge, v0x560bcac22360_0, v0x560bcac20970_0, v0x560bcac21380_0, v0x560bcac225c0_0;
E_0x560bcab64ad0/2 .event edge, v0x560bcac20100_0, v0x560bcac20f00_0;
E_0x560bcab64ad0 .event/or E_0x560bcab64ad0/0, E_0x560bcab64ad0/1, E_0x560bcab64ad0/2;
E_0x560bcac07340 .event edge, v0x560bcac20350_0, v0x560bcac08080_0, v0x560bcac20430_0, v0x560bcab8d240_0;
E_0x560bcac07300 .event edge, v0x560bcac20b40_0, v0x560bcac20c00_0, v0x560bcac20510_0, v0x560bcac206d0_0;
E_0x560bcac06b80/0 .event edge, v0x560bcabf6e20_0, v0x560bcabf1820_0, v0x560bcac20890_0, v0x560bcac205f0_0;
E_0x560bcac06b80/1 .event edge, v0x560bcac207b0_0;
E_0x560bcac06b80 .event/or E_0x560bcac06b80/0, E_0x560bcac06b80/1;
E_0x560bcabe8ad0/0 .event edge, v0x560bcac21520_0, v0x560bcac21600_0, v0x560bcac205f0_0, v0x560bcac207b0_0;
E_0x560bcabe8ad0/1 .event edge, v0x560bcabf1070_0, v0x560bcabf6d80_0, v0x560bcac20b40_0, v0x560bcac20c00_0;
E_0x560bcabe8ad0/2 .event edge, v0x560bcac22360_0;
E_0x560bcabe8ad0 .event/or E_0x560bcabe8ad0/0, E_0x560bcabe8ad0/1, E_0x560bcabe8ad0/2;
E_0x560bcabeaae0 .event edge, v0x560bcac21520_0, v0x560bcac21600_0, v0x560bcabf6d80_0, v0x560bcabf1070_0;
L_0x560bcac3a3a0 .part v0x560bcac25450_0, 23, 8;
L_0x560bcac3a440 .part v0x560bcac25690_0, 23, 8;
L_0x560bcac3a4e0 .part v0x560bcac25450_0, 31, 1;
L_0x560bcac3a610 .part v0x560bcac25690_0, 31, 1;
S_0x560bcabe5e50 .scope module, "com1" "fp_comp" 2 171, 4 23 0, S_0x560bcac02030;
 .timescale 0 0;
    .port_info 0 /INPUT 32 "in1";
    .port_info 1 /INPUT 32 "in2";
    .port_info 2 /INPUT 1 "act";
    .port_info 3 /INPUT 1 "clk";
    .port_info 4 /INPUT 1 "rst";
    .port_info 5 /OUTPUT 1 "eq";
    .port_info 6 /OUTPUT 1 "great";
    .port_info 7 /OUTPUT 1 "less";
    .port_info 8 /OUTPUT 1 "done";
    .port_info 9 /OUTPUT 1 "inv";
P_0x560bcac22b00 .param/l "E" 0 4 35, +C4<00000000000000000000000000011110>;
P_0x560bcac22b40 .param/l "M" 0 4 34, +C4<00000000000000000000000000010110>;
P_0x560bcac22b80 .param/l "W" 0 4 33, +C4<00000000000000000000000000100000>;
v0x560bcac22e00_0 .net "E1", 7 0, L_0x560bcac3a770;  1 drivers
v0x560bcac22f00_0 .net "E2", 7 0, L_0x560bcac3a840;  1 drivers
v0x560bcac22fe0_0 .net "M1", 22 0, L_0x560bcac3ac00;  1 drivers
v0x560bcac230a0_0 .net "M2", 22 0, L_0x560bcac3acd0;  1 drivers
v0x560bcac23180_0 .net "S1", 0 0, L_0x560bcac3a910;  1 drivers
v0x560bcac23290_0 .net "S2", 0 0, L_0x560bcac3aa70;  1 drivers
v0x560bcac23350_0 .net "act", 0 0, L_0x560bcac29830;  alias, 1 drivers
v0x560bcac23410_0 .net "clk", 0 0, o0x7f6e3d4383a8;  alias, 0 drivers
v0x560bcac234b0_0 .var "done", 0 0;
v0x560bcac23550_0 .var "done0", 0 0;
v0x560bcac23610_0 .var "done_f", 0 0;
v0x560bcac236d0_0 .var "eq", 0 0;
v0x560bcac23790_0 .var "eq0", 0 0;
v0x560bcac23850_0 .var "eq_f", 0 0;
v0x560bcac23910_0 .var "forward", 0 0;
v0x560bcac239d0_0 .var "great", 0 0;
v0x560bcac23a90_0 .var "great0", 0 0;
v0x560bcac23b50_0 .var "great_f", 0 0;
v0x560bcac23c10_0 .net "in1", 31 0, v0x560bcac25520_0;  alias, 1 drivers
v0x560bcac23cf0_0 .net "in2", 31 0, v0x560bcac25890_0;  alias, 1 drivers
v0x560bcac23dd0_0 .var "inv", 0 0;
v0x560bcac23e90_0 .var "inv_f", 0 0;
v0x560bcac23f50_0 .var "less", 0 0;
v0x560bcac24010_0 .var "less0", 0 0;
v0x560bcac240d0_0 .var "less_f", 0 0;
v0x560bcac24190_0 .net "rst", 0 0, L_0x560bcac07fe0;  alias, 1 drivers
E_0x560bcac06d80/0 .event edge, v0x560bcac23180_0, v0x560bcac23290_0, v0x560bcac22e00_0, v0x560bcac22f00_0;
E_0x560bcac06d80/1 .event edge, v0x560bcac22fe0_0, v0x560bcac230a0_0;
E_0x560bcac06d80 .event/or E_0x560bcac06d80/0, E_0x560bcac06d80/1;
L_0x560bcac3a770 .part v0x560bcac25520_0, 23, 8;
L_0x560bcac3a840 .part v0x560bcac25890_0, 23, 8;
L_0x560bcac3a910 .part v0x560bcac25520_0, 31, 1;
L_0x560bcac3aa70 .part v0x560bcac25890_0, 31, 1;
L_0x560bcac3ac00 .part v0x560bcac25520_0, 0, 23;
L_0x560bcac3acd0 .part v0x560bcac25890_0, 0, 23;
S_0x560bcac24350 .scope module, "fpu_intercon" "fpu_interconnect" 2 100, 5 28 0, S_0x560bcac02030;
 .timescale 0 0;
    .port_info 0 /INPUT 1 "wb_clk_i";
    .port_info 1 /INPUT 1 "wb_rst_i";
    .port_info 2 /INPUT 1 "wbs_stb_i";
    .port_info 3 /INPUT 1 "wbs_cyc_i";
    .port_info 4 /INPUT 1 "wbs_we_i";
    .port_info 5 /INPUT 4 "wbs_sel_i";
    .port_info 6 /INPUT 32 "wbs_dat_i";
    .port_info 7 /INPUT 32 "wbs_adr_i";
    .port_info 8 /OUTPUT 1 "wbs_ack_o";
    .port_info 9 /OUTPUT 32 "wbs_dat_o";
    .port_info 10 /INPUT 128 "la_data_in";
    .port_info 11 /OUTPUT 128 "la_data_out";
    .port_info 12 /INPUT 128 "la_oenb";
    .port_info 13 /INPUT 32 "io_in";
    .port_info 14 /OUTPUT 32 "io_out";
    .port_info 15 /OUTPUT 32 "io_oeb";
    .port_info 16 /OUTPUT 3 "irq";
    .port_info 17 /OUTPUT 32 "in1pa";
    .port_info 18 /OUTPUT 32 "in2pa";
    .port_info 19 /INPUT 32 "aout";
    .port_info 20 /INPUT 1 "aov";
    .port_info 21 /INPUT 1 "aun";
    .port_info 22 /INPUT 1 "inva";
    .port_info 23 /INPUT 1 "inexacta";
    .port_info 24 /INPUT 1 "adone";
    .port_info 25 /OUTPUT 32 "in1pc";
    .port_info 26 /OUTPUT 32 "in2pc";
    .port_info 27 /INPUT 1 "eq0";
    .port_info 28 /INPUT 1 "less0";
    .port_info 29 /INPUT 1 "great0";
    .port_info 30 /INPUT 1 "invc";
    .port_info 31 /INPUT 1 "cdone";
P_0x560bcac244e0 .param/l "BITS" 0 5 29, +C4<00000000000000000000000000100000>;
L_0x560bcac07ec0 .functor BUFZ 32, v0x560bcac26750_0, C4<00000000000000000000000000000000>, C4<00000000000000000000000000000000>, C4<00000000000000000000000000000000>;
L_0x7f6e3cef7138 .functor BUFT 1, C4<000000000000000000000000000000000000000000000000000000000000000000000000000000000000000>, C4<0>, C4<0>, C4<0>;
v0x560bcac24a10_0 .net/2u *"_ivl_14", 86 0, L_0x7f6e3cef7138;  1 drivers
v0x560bcac24b10_0 .net "adone", 0 0, v0x560bcac20d80_0;  alias, 1 drivers
v0x560bcac24c00_0 .net "aout", 31 0, v0x560bcac21dc0_0;  alias, 1 drivers
v0x560bcac24d00_0 .net "aov", 0 0, v0x560bcac22060_0;  alias, 1 drivers
v0x560bcac24dd0_0 .net "aun", 0 0, v0x560bcac22680_0;  alias, 1 drivers
v0x560bcac24ec0_0 .net "cdone", 0 0, v0x560bcac234b0_0;  alias, 1 drivers
v0x560bcac24f90_0 .var "div_zero0", 0 0;
v0x560bcac25030_0 .var "done0", 0 0;
v0x560bcac250d0_0 .net "eq0", 0 0, v0x560bcac236d0_0;  alias, 1 drivers
v0x560bcac251a0_0 .var "eq1", 0 0;
v0x560bcac25240_0 .net "great0", 0 0, v0x560bcac239d0_0;  alias, 1 drivers
v0x560bcac25310_0 .var "great1", 0 0;
v0x560bcac253b0_0 .net "in1p", 31 0, L_0x560bcac29a10;  1 drivers
v0x560bcac25450_0 .var "in1pa", 31 0;
v0x560bcac25520_0 .var "in1pc", 31 0;
v0x560bcac255f0_0 .net "in2p", 31 0, L_0x560bcac29ab0;  1 drivers
v0x560bcac25690_0 .var "in2pa", 31 0;
v0x560bcac25890_0 .var "in2pc", 31 0;
v0x560bcac25960_0 .var "inexact0", 0 0;
v0x560bcac25a00_0 .net "inexacta", 0 0, v0x560bcac216e0_0;  alias, 1 drivers
v0x560bcac25ad0_0 .var "inv0", 0 0;
v0x560bcac25b70_0 .net "inva", 0 0, v0x560bcac219e0_0;  alias, 1 drivers
v0x560bcac25c40_0 .net "invc", 0 0, v0x560bcac23dd0_0;  alias, 1 drivers
v0x560bcac25d10_0 .net "io_in", 31 0, L_0x560bcac3a030;  1 drivers
v0x560bcac25db0_0 .net "io_oeb", 31 0, L_0x7f6e3cef7018;  1 drivers
v0x560bcac25e90_0 .net "io_out", 31 0, L_0x560bcac07ec0;  1 drivers
v0x560bcac25f70_0 .net "irq", 2 0, L_0x7f6e3cef70f0;  alias, 1 drivers
v0x560bcac26050_0 .net "la_data_in", 127 0, o0x7f6e3d439578;  alias, 0 drivers
v0x560bcac26130_0 .net "la_data_out", 127 0, L_0x560bcac39d50;  alias, 1 drivers
v0x560bcac26210_0 .net "la_oenb", 127 0, o0x7f6e3d4395d8;  alias, 0 drivers
v0x560bcac262f0_0 .net "less0", 0 0, v0x560bcac23f50_0;  alias, 1 drivers
v0x560bcac263c0_0 .var "less1", 0 0;
v0x560bcac26460_0 .net "opcode", 2 0, L_0x560bcac29b50;  1 drivers
v0x560bcac26750_0 .var "out0", 31 0;
v0x560bcac26830_0 .var "ov0", 0 0;
v0x560bcac268f0_0 .var "un0", 0 0;
v0x560bcac269b0_0 .net "wb_clk_i", 0 0, o0x7f6e3d4383a8;  alias, 0 drivers
v0x560bcac26a50_0 .net "wb_rst_i", 0 0, o0x7f6e3d4396f8;  alias, 0 drivers
v0x560bcac26b10_0 .net "wbs_ack_o", 0 0, L_0x7f6e3cef70a8;  alias, 1 drivers
v0x560bcac26bd0_0 .net "wbs_adr_i", 31 0, o0x7f6e3d439758;  alias, 0 drivers
v0x560bcac26cb0_0 .net "wbs_cyc_i", 0 0, o0x7f6e3d439788;  alias, 0 drivers
v0x560bcac26d70_0 .net "wbs_dat_i", 31 0, o0x7f6e3d4397b8;  alias, 0 drivers
v0x560bcac26e50_0 .net "wbs_dat_o", 31 0, L_0x7f6e3cef7060;  alias, 1 drivers
v0x560bcac26f30_0 .net "wbs_sel_i", 3 0, o0x7f6e3d439818;  alias, 0 drivers
v0x560bcac27010_0 .net "wbs_stb_i", 0 0, o0x7f6e3d439848;  alias, 0 drivers
v0x560bcac270d0_0 .net "wbs_we_i", 0 0, o0x7f6e3d439878;  alias, 0 drivers
E_0x560bcabeaf50/0 .event edge, v0x560bcac26460_0, v0x560bcac21dc0_0, v0x560bcac22060_0, v0x560bcac22680_0;
E_0x560bcabeaf50/1 .event edge, v0x560bcac20d80_0, v0x560bcac253b0_0, v0x560bcac255f0_0, v0x560bcac236d0_0;
E_0x560bcabeaf50/2 .event edge, v0x560bcac239d0_0, v0x560bcac23f50_0, v0x560bcac219e0_0, v0x560bcac216e0_0;
E_0x560bcabeaf50/3 .event edge, v0x560bcac23dd0_0;
E_0x560bcabeaf50 .event/or E_0x560bcabeaf50/0, E_0x560bcabeaf50/1, E_0x560bcabeaf50/2, E_0x560bcabeaf50/3;
L_0x560bcac29a10 .part o0x7f6e3d439578, 0, 32;
L_0x560bcac29ab0 .part o0x7f6e3d439578, 32, 32;
L_0x560bcac29b50 .part o0x7f6e3d439578, 67, 3;
LS_0x560bcac39d50_0_0 .concat [ 87 1 1 1], L_0x7f6e3cef7138, v0x560bcac24f90_0, v0x560bcac25ad0_0, v0x560bcac25310_0;
LS_0x560bcac39d50_0_4 .concat [ 1 1 1 1], v0x560bcac251a0_0, v0x560bcac263c0_0, v0x560bcac268f0_0, v0x560bcac26830_0;
LS_0x560bcac39d50_0_8 .concat [ 1 1 32 0], v0x560bcac25960_0, v0x560bcac25030_0, v0x560bcac26750_0;
L_0x560bcac39d50 .concat [ 90 4 34 0], LS_0x560bcac39d50_0_0, LS_0x560bcac39d50_0_4, LS_0x560bcac39d50_0_8;
    .scope S_0x560bcac24350;
T_0 ;
    %wait E_0x560bcabeaf50;
    %load/vec4 v0x560bcac26460_0;
    %dup/vec4;
    %pushi/vec4 0, 0, 3;
    %cmp/u;
    %jmp/1 T_0.0, 6;
    %dup/vec4;
    %pushi/vec4 4, 0, 3;
    %cmp/u;
    %jmp/1 T_0.1, 6;
    %load/vec4 v0x560bcac24c00_0;
    %store/vec4 v0x560bcac26750_0, 0, 32;
    %load/vec4 v0x560bcac24d00_0;
    %store/vec4 v0x560bcac26830_0, 0, 1;
    %load/vec4 v0x560bcac24dd0_0;
    %store/vec4 v0x560bcac268f0_0, 0, 1;
    %load/vec4 v0x560bcac24b10_0;
    %store/vec4 v0x560bcac25030_0, 0, 1;
    %load/vec4 v0x560bcac253b0_0;
    %store/vec4 v0x560bcac25450_0, 0, 32;
    %load/vec4 v0x560bcac255f0_0;
    %store/vec4 v0x560bcac25690_0, 0, 32;
    %pushi/vec4 0, 0, 32;
    %store/vec4 v0x560bcac25520_0, 0, 32;
    %pushi/vec4 0, 0, 32;
    %store/vec4 v0x560bcac25890_0, 0, 32;
    %load/vec4 v0x560bcac250d0_0;
    %store/vec4 v0x560bcac251a0_0, 0, 1;
    %pushi/vec4 0, 0, 1;
    %store/vec4 v0x560bcac25310_0, 0, 1;
    %pushi/vec4 0, 0, 1;
    %store/vec4 v0x560bcac263c0_0, 0, 1;
    %pushi/vec4 0, 0, 1;
    %store/vec4 v0x560bcac25ad0_0, 0, 1;
    %pushi/vec4 0, 0, 1;
    %store/vec4 v0x560bcac25960_0, 0, 1;
    %pushi/vec4 0, 0, 1;
    %store/vec4 v0x560bcac24f90_0, 0, 1;
    %jmp T_0.3;
T_0.0 ;
    %load/vec4 v0x560bcac24c00_0;
    %store/vec4 v0x560bcac26750_0, 0, 32;
    %load/vec4 v0x560bcac24d00_0;
    %store/vec4 v0x560bcac26830_0, 0, 1;
    %load/vec4 v0x560bcac24dd0_0;
    %store/vec4 v0x560bcac268f0_0, 0, 1;
    %load/vec4 v0x560bcac24b10_0;
    %store/vec4 v0x560bcac25030_0, 0, 1;
    %load/vec4 v0x560bcac253b0_0;
    %store/vec4 v0x560bcac25450_0, 0, 32;
    %load/vec4 v0x560bcac255f0_0;
    %store/vec4 v0x560bcac25690_0, 0, 32;
    %load/vec4 v0x560bcac253b0_0;
    %store/vec4 v0x560bcac25520_0, 0, 32;
    %load/vec4 v0x560bcac255f0_0;
    %store/vec4 v0x560bcac25890_0, 0, 32;
    %load/vec4 v0x560bcac250d0_0;
    %store/vec4 v0x560bcac251a0_0, 0, 1;
    %load/vec4 v0x560bcac25240_0;
    %store/vec4 v0x560bcac25310_0, 0, 1;
    %load/vec4 v0x560bcac262f0_0;
    %store/vec4 v0x560bcac263c0_0, 0, 1;
    %load/vec4 v0x560bcac25b70_0;
    %store/vec4 v0x560bcac25ad0_0, 0, 1;
    %load/vec4 v0x560bcac25a00_0;
    %store/vec4 v0x560bcac25960_0, 0, 1;
    %pushi/vec4 0, 0, 1;
    %store/vec4 v0x560bcac24f90_0, 0, 1;
    %jmp T_0.3;
T_0.1 ;
    %pushi/vec4 0, 0, 32;
    %store/vec4 v0x560bcac26750_0, 0, 32;
    %load/vec4 v0x560bcac24d00_0;
    %store/vec4 v0x560bcac26830_0, 0, 1;
    %load/vec4 v0x560bcac24dd0_0;
    %store/vec4 v0x560bcac268f0_0, 0, 1;
    %pushi/vec4 0, 0, 32;
    %store/vec4 v0x560bcac25450_0, 0, 32;
    %pushi/vec4 0, 0, 32;
    %store/vec4 v0x560bcac25690_0, 0, 32;
    %load/vec4 v0x560bcac253b0_0;
    %store/vec4 v0x560bcac25520_0, 0, 32;
    %load/vec4 v0x560bcac255f0_0;
    %store/vec4 v0x560bcac25890_0, 0, 32;
    %pushi/vec4 0, 0, 1;
    %store/vec4 v0x560bcac251a0_0, 0, 1;
    %pushi/vec4 0, 0, 1;
    %store/vec4 v0x560bcac25310_0, 0, 1;
    %pushi/vec4 0, 0, 1;
    %store/vec4 v0x560bcac263c0_0, 0, 1;
    %load/vec4 v0x560bcac25c40_0;
    %store/vec4 v0x560bcac25ad0_0, 0, 1;
    %load/vec4 v0x560bcac25a00_0;
    %store/vec4 v0x560bcac25960_0, 0, 1;
    %pushi/vec4 0, 0, 1;
    %store/vec4 v0x560bcac24f90_0, 0, 1;
    %jmp T_0.3;
T_0.3 ;
    %pop/vec4 1;
    %jmp T_0;
    .thread T_0, $push;
    .scope S_0x560bcabe2800;
T_1 ;
    %wait E_0x560bcabeaae0;
    %pushi/vec4 1, 0, 1;
    %load/vec4 v0x560bcac21520_0;
    %parti/s 23, 0, 2;
    %concat/vec4; draw_concat_vec4
    %concati/vec4 0, 0, 2;
    %pushi/vec4 1, 0, 1;
    %load/vec4 v0x560bcac21600_0;
    %parti/s 23, 0, 2;
    %concat/vec4; draw_concat_vec4
    %concati/vec4 0, 0, 2;
    %concat/vec4; draw_concat_vec4
    %load/vec4 v0x560bcabf6d80_0;
    %concat/vec4; draw_concat_vec4
    %load/vec4 v0x560bcabf1070_0;
    %concat/vec4; draw_concat_vec4
    %split/vec4 8;
    %store/vec4 v0x560bcabf1820_0, 0, 8;
    %split/vec4 8;
    %store/vec4 v0x560bcabf6e20_0, 0, 8;
    %split/vec4 26;
    %store/vec4 v0x560bcac207b0_0, 0, 26;
    %store/vec4 v0x560bcac205f0_0, 0, 26;
    %jmp T_1;
    .thread T_1, $push;
    .scope S_0x560bcabe2800;
T_2 ;
    %wait E_0x560bcabe8ad0;
    %load/vec4 v0x560bcac21520_0;
    %pushi/vec4 4286578688, 0, 32;
    %cmp/e;
    %flag_get/vec4 4;
    %load/vec4 v0x560bcac21600_0;
    %pushi/vec4 2139095040, 0, 32;
    %cmp/e;
    %flag_get/vec4 4;
    %and;
    %flag_set/vec4 8;
    %load/vec4 v0x560bcac21520_0;
    %pushi/vec4 2139095040, 0, 32;
    %cmp/e;
    %flag_get/vec4 4;
    %load/vec4 v0x560bcac21600_0;
    %pushi/vec4 4286578688, 0, 32;
    %cmp/e;
    %flag_get/vec4 4;
    %and;
    %flag_set/vec4 9;
    %flag_or 9, 8;
    %jmp/0xz  T_2.0, 9;
    %pushi/vec4 4286578688, 0, 33;
    %concati/vec4 13, 0, 5;
    %split/vec4 1;
    %store/vec4 v0x560bcac212c0_0, 0, 1;
    %split/vec4 1;
    %store/vec4 v0x560bcac21920_0, 0, 1;
    %split/vec4 1;
    %store/vec4 v0x560bcac21b60_0, 0, 1;
    %split/vec4 1;
    %store/vec4 v0x560bcac21140_0, 0, 1;
    %split/vec4 1;
    %store/vec4 v0x560bcac228c0_0, 0, 1;
    %split/vec4 1;
    %store/vec4 v0x560bcac222a0_0, 0, 1;
    %store/vec4 v0x560bcac21f80_0, 0, 32;
    %jmp T_2.1;
T_2.0 ;
    %load/vec4 v0x560bcac205f0_0;
    %load/vec4 v0x560bcac207b0_0;
    %cmp/e;
    %flag_get/vec4 4;
    %load/vec4 v0x560bcabf1070_0;
    %load/vec4 v0x560bcabf6d80_0;
    %cmp/e;
    %flag_get/vec4 4;
    %and;
    %load/vec4 v0x560bcac20b40_0;
    %load/vec4 v0x560bcac20c00_0;
    %cmp/ne;
    %flag_get/vec4 4;
    %and;
    %flag_set/vec4 8;
    %load/vec4 v0x560bcac21520_0;
    %pushi/vec4 2147483648, 0, 32;
    %cmp/e;
    %flag_get/vec4 4;
    %load/vec4 v0x560bcac21600_0;
    %pushi/vec4 2147483648, 0, 32;
    %cmp/e;
    %flag_get/vec4 4;
    %and;
    %flag_set/vec4 9;
    %flag_or 9, 8;
    %load/vec4 v0x560bcac21520_0;
    %pushi/vec4 0, 0, 32;
    %cmp/e;
    %flag_get/vec4 4;
    %load/vec4 v0x560bcac21600_0;
    %pushi/vec4 0, 0, 32;
    %cmp/e;
    %flag_get/vec4 4;
    %and;
    %flag_set/vec4 8;
    %flag_or 8, 9;
    %load/vec4 v0x560bcac21520_0;
    %pushi/vec4 2147483648, 0, 32;
    %cmp/e;
    %flag_get/vec4 4;
    %load/vec4 v0x560bcac21600_0;
    %pushi/vec4 0, 0, 32;
    %cmp/e;
    %flag_get/vec4 4;
    %and;
    %flag_set/vec4 9;
    %flag_or 9, 8;
    %load/vec4 v0x560bcac21520_0;
    %pushi/vec4 0, 0, 32;
    %cmp/e;
    %flag_get/vec4 4;
    %load/vec4 v0x560bcac21600_0;
    %pushi/vec4 2147483648, 0, 32;
    %cmp/e;
    %flag_get/vec4 4;
    %and;
    %flag_set/vec4 8;
    %flag_or 8, 9;
    %jmp/0xz  T_2.2, 8;
    %load/vec4 v0x560bcac20b40_0;
    %nor/r;
    %load/vec4 v0x560bcac20c00_0;
    %nor/r;
    %and;
    %flag_set/vec4 8;
    %jmp/0xz  T_2.4, 8;
    %pushi/vec4 9, 0, 38;
    %split/vec4 1;
    %store/vec4 v0x560bcac212c0_0, 0, 1;
    %split/vec4 1;
    %store/vec4 v0x560bcac21920_0, 0, 1;
    %split/vec4 1;
    %store/vec4 v0x560bcac21b60_0, 0, 1;
    %split/vec4 1;
    %store/vec4 v0x560bcac21140_0, 0, 1;
    %split/vec4 1;
    %store/vec4 v0x560bcac228c0_0, 0, 1;
    %split/vec4 1;
    %store/vec4 v0x560bcac222a0_0, 0, 1;
    %store/vec4 v0x560bcac21f80_0, 0, 32;
    %jmp T_2.5;
T_2.4 ;
    %load/vec4 v0x560bcac20b40_0;
    %nor/r;
    %load/vec4 v0x560bcac20c00_0;
    %and;
    %flag_set/vec4 8;
    %load/vec4 v0x560bcac20b40_0;
    %load/vec4 v0x560bcac20c00_0;
    %nor/r;
    %and;
    %flag_set/vec4 9;
    %flag_or 9, 8;
    %jmp/0xz  T_2.6, 9;
    %load/vec4 v0x560bcac22360_0;
    %cmpi/e 1, 0, 3;
    %flag_mov 8, 4;
    %load/vec4 v0x560bcac22360_0;
    %cmpi/e 4, 0, 3;
    %flag_or 4, 8;
    %flag_mov 8, 4;
    %load/vec4 v0x560bcac22360_0;
    %cmpi/e 3, 0, 3;
    %flag_or 4, 8;
    %flag_mov 8, 4;
    %load/vec4 v0x560bcac22360_0;
    %cmpi/e 2, 0, 3;
    %flag_or 4, 8;
    %jmp/0xz  T_2.8, 4;
    %pushi/vec4 9, 0, 38;
    %split/vec4 1;
    %store/vec4 v0x560bcac212c0_0, 0, 1;
    %split/vec4 1;
    %store/vec4 v0x560bcac21920_0, 0, 1;
    %split/vec4 1;
    %store/vec4 v0x560bcac21b60_0, 0, 1;
    %split/vec4 1;
    %store/vec4 v0x560bcac21140_0, 0, 1;
    %split/vec4 1;
    %store/vec4 v0x560bcac228c0_0, 0, 1;
    %split/vec4 1;
    %store/vec4 v0x560bcac222a0_0, 0, 1;
    %store/vec4 v0x560bcac21f80_0, 0, 32;
    %jmp T_2.9;
T_2.8 ;
    %pushi/vec4 2147483648, 0, 32;
    %concati/vec4 9, 0, 6;
    %split/vec4 1;
    %store/vec4 v0x560bcac212c0_0, 0, 1;
    %split/vec4 1;
    %store/vec4 v0x560bcac21920_0, 0, 1;
    %split/vec4 1;
    %store/vec4 v0x560bcac21b60_0, 0, 1;
    %split/vec4 1;
    %store/vec4 v0x560bcac21140_0, 0, 1;
    %split/vec4 1;
    %store/vec4 v0x560bcac228c0_0, 0, 1;
    %split/vec4 1;
    %store/vec4 v0x560bcac222a0_0, 0, 1;
    %store/vec4 v0x560bcac21f80_0, 0, 32;
T_2.9 ;
    %jmp T_2.7;
T_2.6 ;
    %load/vec4 v0x560bcac20b40_0;
    %load/vec4 v0x560bcac20c00_0;
    %and;
    %flag_set/vec4 8;
    %jmp/0xz  T_2.10, 8;
    %pushi/vec4 2147483648, 0, 32;
    %concati/vec4 9, 0, 6;
    %split/vec4 1;
    %store/vec4 v0x560bcac212c0_0, 0, 1;
    %split/vec4 1;
    %store/vec4 v0x560bcac21920_0, 0, 1;
    %split/vec4 1;
    %store/vec4 v0x560bcac21b60_0, 0, 1;
    %split/vec4 1;
    %store/vec4 v0x560bcac21140_0, 0, 1;
    %split/vec4 1;
    %store/vec4 v0x560bcac228c0_0, 0, 1;
    %split/vec4 1;
    %store/vec4 v0x560bcac222a0_0, 0, 1;
    %store/vec4 v0x560bcac21f80_0, 0, 32;
    %jmp T_2.11;
T_2.10 ;
    %pushi/vec4 9, 0, 38;
    %split/vec4 1;
    %store/vec4 v0x560bcac212c0_0, 0, 1;
    %split/vec4 1;
    %store/vec4 v0x560bcac21920_0, 0, 1;
    %split/vec4 1;
    %store/vec4 v0x560bcac21b60_0, 0, 1;
    %split/vec4 1;
    %store/vec4 v0x560bcac21140_0, 0, 1;
    %split/vec4 1;
    %store/vec4 v0x560bcac228c0_0, 0, 1;
    %split/vec4 1;
    %store/vec4 v0x560bcac222a0_0, 0, 1;
    %store/vec4 v0x560bcac21f80_0, 0, 32;
T_2.11 ;
T_2.7 ;
T_2.5 ;
    %jmp T_2.3;
T_2.2 ;
    %load/vec4 v0x560bcac21520_0;
    %cmpi/e 2139095040, 0, 32;
    %flag_mov 8, 4;
    %load/vec4 v0x560bcac21600_0;
    %cmpi/e 2139095040, 0, 32;
    %flag_or 4, 8;
    %jmp/0xz  T_2.12, 4;
    %pushi/vec4 4286578688, 0, 33;
    %concati/vec4 13, 0, 5;
    %split/vec4 1;
    %store/vec4 v0x560bcac212c0_0, 0, 1;
    %split/vec4 1;
    %store/vec4 v0x560bcac21920_0, 0, 1;
    %split/vec4 1;
    %store/vec4 v0x560bcac21b60_0, 0, 1;
    %split/vec4 1;
    %store/vec4 v0x560bcac21140_0, 0, 1;
    %split/vec4 1;
    %store/vec4 v0x560bcac228c0_0, 0, 1;
    %split/vec4 1;
    %store/vec4 v0x560bcac222a0_0, 0, 1;
    %store/vec4 v0x560bcac21f80_0, 0, 32;
    %jmp T_2.13;
T_2.12 ;
    %pushi/vec4 4286578688, 0, 33;
    %concati/vec4 12, 0, 5;
    %split/vec4 1;
    %store/vec4 v0x560bcac212c0_0, 0, 1;
    %split/vec4 1;
    %store/vec4 v0x560bcac21920_0, 0, 1;
    %split/vec4 1;
    %store/vec4 v0x560bcac21b60_0, 0, 1;
    %split/vec4 1;
    %store/vec4 v0x560bcac21140_0, 0, 1;
    %split/vec4 1;
    %store/vec4 v0x560bcac228c0_0, 0, 1;
    %split/vec4 1;
    %store/vec4 v0x560bcac222a0_0, 0, 1;
    %store/vec4 v0x560bcac21f80_0, 0, 32;
T_2.13 ;
T_2.3 ;
T_2.1 ;
    %jmp T_2;
    .thread T_2, $push;
    .scope S_0x560bcabe2800;
T_3 ;
    %wait E_0x560bcab99f30;
    %load/vec4 v0x560bcac22440_0;
    %nor/r;
    %flag_set/vec4 8;
    %jmp/0xz  T_3.0, 8;
    %pushi/vec4 0, 0, 38;
    %split/vec4 1;
    %assign/vec4 v0x560bcac21200_0, 0;
    %split/vec4 1;
    %assign/vec4 v0x560bcac21860_0, 0;
    %split/vec4 1;
    %assign/vec4 v0x560bcac21aa0_0, 0;
    %split/vec4 1;
    %assign/vec4 v0x560bcac21080_0, 0;
    %split/vec4 1;
    %assign/vec4 v0x560bcac22800_0, 0;
    %split/vec4 1;
    %assign/vec4 v0x560bcac221e0_0, 0;
    %assign/vec4 v0x560bcac21ea0_0, 0;
    %jmp T_3.1;
T_3.0 ;
    %load/vec4 v0x560bcac21f80_0;
    %load/vec4 v0x560bcac222a0_0;
    %concat/vec4; draw_concat_vec4
    %load/vec4 v0x560bcac228c0_0;
    %concat/vec4; draw_concat_vec4
    %load/vec4 v0x560bcac21140_0;
    %concat/vec4; draw_concat_vec4
    %load/vec4 v0x560bcac21b60_0;
    %concat/vec4; draw_concat_vec4
    %load/vec4 v0x560bcac21920_0;
    %concat/vec4; draw_concat_vec4
    %load/vec4 v0x560bcac212c0_0;
    %concat/vec4; draw_concat_vec4
    %split/vec4 1;
    %assign/vec4 v0x560bcac21200_0, 0;
    %split/vec4 1;
    %assign/vec4 v0x560bcac21860_0, 0;
    %split/vec4 1;
    %assign/vec4 v0x560bcac21aa0_0, 0;
    %split/vec4 1;
    %assign/vec4 v0x560bcac21080_0, 0;
    %split/vec4 1;
    %assign/vec4 v0x560bcac22800_0, 0;
    %split/vec4 1;
    %assign/vec4 v0x560bcac221e0_0, 0;
    %assign/vec4 v0x560bcac21ea0_0, 0;
T_3.1 ;
    %jmp T_3;
    .thread T_3;
    .scope S_0x560bcabe2800;
T_4 ;
    %wait E_0x560bcac06b80;
    %load/vec4 v0x560bcabf1820_0;
    %load/vec4 v0x560bcabf6e20_0;
    %cmp/u;
    %jmp/0xz  T_4.0, 5;
    %pushi/vec4 67108863, 0, 26;
    %store/vec4 v0x560bcac20890_0, 0, 26;
    %load/vec4 v0x560bcac20890_0;
    %load/vec4 v0x560bcabf6e20_0;
    %load/vec4 v0x560bcabf1820_0;
    %sub;
    %ix/vec4 4;
    %shiftl 4;
    %store/vec4 v0x560bcac20890_0, 0, 26;
    %load/vec4 v0x560bcac20890_0;
    %inv;
    %store/vec4 v0x560bcac20890_0, 0, 26;
    %load/vec4 v0x560bcac20890_0;
    %load/vec4 v0x560bcac205f0_0;
    %and;
    %store/vec4 v0x560bcac20890_0, 0, 26;
    %load/vec4 v0x560bcac20890_0;
    %or/r;
    %store/vec4 v0x560bcac22500_0, 0, 1;
    %load/vec4 v0x560bcac205f0_0;
    %load/vec4 v0x560bcabf6e20_0;
    %load/vec4 v0x560bcabf1820_0;
    %sub;
    %ix/vec4 4;
    %shiftr 4;
    %store/vec4 v0x560bcac20510_0, 0, 26;
    %load/vec4 v0x560bcabf6e20_0;
    %store/vec4 v0x560bcac08080_0, 0, 8;
    %load/vec4 v0x560bcac207b0_0;
    %store/vec4 v0x560bcac206d0_0, 0, 26;
    %jmp T_4.1;
T_4.0 ;
    %load/vec4 v0x560bcabf6e20_0;
    %load/vec4 v0x560bcabf1820_0;
    %cmp/u;
    %jmp/0xz  T_4.2, 5;
    %pushi/vec4 67108863, 0, 26;
    %store/vec4 v0x560bcac20890_0, 0, 26;
    %load/vec4 v0x560bcac20890_0;
    %load/vec4 v0x560bcabf1820_0;
    %load/vec4 v0x560bcabf6e20_0;
    %sub;
    %ix/vec4 4;
    %shiftl 4;
    %store/vec4 v0x560bcac20890_0, 0, 26;
    %load/vec4 v0x560bcac20890_0;
    %inv;
    %store/vec4 v0x560bcac20890_0, 0, 26;
    %load/vec4 v0x560bcac20890_0;
    %load/vec4 v0x560bcac207b0_0;
    %and;
    %store/vec4 v0x560bcac20890_0, 0, 26;
    %load/vec4 v0x560bcac20890_0;
    %or/r;
    %store/vec4 v0x560bcac22500_0, 0, 1;
    %load/vec4 v0x560bcac207b0_0;
    %load/vec4 v0x560bcabf1820_0;
    %load/vec4 v0x560bcabf6e20_0;
    %sub;
    %ix/vec4 4;
    %shiftr 4;
    %store/vec4 v0x560bcac206d0_0, 0, 26;
    %load/vec4 v0x560bcabf1820_0;
    %store/vec4 v0x560bcac08080_0, 0, 8;
    %load/vec4 v0x560bcac205f0_0;
    %store/vec4 v0x560bcac20510_0, 0, 26;
    %jmp T_4.3;
T_4.2 ;
    %load/vec4 v0x560bcabf1820_0;
    %store/vec4 v0x560bcac08080_0, 0, 8;
    %load/vec4 v0x560bcac205f0_0;
    %store/vec4 v0x560bcac20510_0, 0, 26;
    %load/vec4 v0x560bcac207b0_0;
    %store/vec4 v0x560bcac206d0_0, 0, 26;
    %pushi/vec4 0, 0, 1;
    %store/vec4 v0x560bcac22500_0, 0, 1;
T_4.3 ;
T_4.1 ;
    %jmp T_4;
    .thread T_4, $push;
    .scope S_0x560bcabe2800;
T_5 ;
    %wait E_0x560bcac07300;
    %pushi/vec4 0, 0, 1;
    %store/vec4 v0x560bcac20e40_0, 0, 1;
    %load/vec4 v0x560bcac20b40_0;
    %load/vec4 v0x560bcac20c00_0;
    %concat/vec4; draw_concat_vec4
    %dup/vec4;
    %pushi/vec4 0, 0, 2;
    %cmp/u;
    %jmp/1 T_5.0, 6;
    %dup/vec4;
    %pushi/vec4 1, 0, 2;
    %cmp/u;
    %jmp/1 T_5.1, 6;
    %dup/vec4;
    %pushi/vec4 2, 0, 2;
    %cmp/u;
    %jmp/1 T_5.2, 6;
    %dup/vec4;
    %pushi/vec4 3, 0, 2;
    %cmp/u;
    %jmp/1 T_5.3, 6;
    %jmp T_5.4;
T_5.0 ;
    %load/vec4 v0x560bcac20510_0;
    %pad/u 27;
    %load/vec4 v0x560bcac206d0_0;
    %pad/u 27;
    %add;
    %store/vec4 v0x560bcac201e0_0, 0, 27;
    %pushi/vec4 0, 0, 1;
    %store/vec4 v0x560bcac20970_0, 0, 1;
    %jmp T_5.4;
T_5.1 ;
    %load/vec4 v0x560bcac20510_0;
    %load/vec4 v0x560bcac206d0_0;
    %cmp/u;
    %jmp/0xz  T_5.5, 5;
    %load/vec4 v0x560bcac206d0_0;
    %pad/u 27;
    %load/vec4 v0x560bcac20510_0;
    %pad/u 27;
    %sub;
    %store/vec4 v0x560bcac201e0_0, 0, 27;
    %pushi/vec4 1, 0, 1;
    %store/vec4 v0x560bcac20970_0, 0, 1;
    %jmp T_5.6;
T_5.5 ;
    %load/vec4 v0x560bcac206d0_0;
    %load/vec4 v0x560bcac20510_0;
    %cmp/u;
    %jmp/0xz  T_5.7, 5;
    %load/vec4 v0x560bcac20510_0;
    %pad/u 27;
    %load/vec4 v0x560bcac206d0_0;
    %pad/u 27;
    %sub;
    %store/vec4 v0x560bcac201e0_0, 0, 27;
    %pushi/vec4 0, 0, 1;
    %store/vec4 v0x560bcac20970_0, 0, 1;
    %jmp T_5.8;
T_5.7 ;
    %pushi/vec4 0, 0, 27;
    %store/vec4 v0x560bcac201e0_0, 0, 27;
    %pushi/vec4 0, 0, 1;
    %store/vec4 v0x560bcac20970_0, 0, 1;
T_5.8 ;
T_5.6 ;
    %jmp T_5.4;
T_5.2 ;
    %load/vec4 v0x560bcac206d0_0;
    %load/vec4 v0x560bcac20510_0;
    %cmp/u;
    %jmp/0xz  T_5.9, 5;
    %load/vec4 v0x560bcac20510_0;
    %pad/u 27;
    %load/vec4 v0x560bcac206d0_0;
    %pad/u 27;
    %sub;
    %store/vec4 v0x560bcac201e0_0, 0, 27;
    %pushi/vec4 1, 0, 1;
    %store/vec4 v0x560bcac20970_0, 0, 1;
    %jmp T_5.10;
T_5.9 ;
    %load/vec4 v0x560bcac20510_0;
    %load/vec4 v0x560bcac206d0_0;
    %cmp/u;
    %jmp/0xz  T_5.11, 5;
    %load/vec4 v0x560bcac206d0_0;
    %pad/u 27;
    %load/vec4 v0x560bcac20510_0;
    %pad/u 27;
    %sub;
    %store/vec4 v0x560bcac201e0_0, 0, 27;
    %pushi/vec4 0, 0, 1;
    %store/vec4 v0x560bcac20970_0, 0, 1;
    %jmp T_5.12;
T_5.11 ;
    %pushi/vec4 0, 0, 27;
    %store/vec4 v0x560bcac201e0_0, 0, 27;
    %pushi/vec4 0, 0, 1;
    %store/vec4 v0x560bcac20970_0, 0, 1;
T_5.12 ;
T_5.10 ;
    %jmp T_5.4;
T_5.3 ;
    %load/vec4 v0x560bcac206d0_0;
    %pad/u 27;
    %load/vec4 v0x560bcac20510_0;
    %pad/u 27;
    %add;
    %store/vec4 v0x560bcac201e0_0, 0, 27;
    %pushi/vec4 1, 0, 1;
    %store/vec4 v0x560bcac20970_0, 0, 1;
    %jmp T_5.4;
T_5.4 ;
    %pop/vec4 1;
    %pushi/vec4 1, 0, 1;
    %store/vec4 v0x560bcac20e40_0, 0, 1;
    %jmp T_5;
    .thread T_5, $push;
    .scope S_0x560bcabe2800;
T_6 ;
    %wait E_0x560bcab99f30;
    %load/vec4 v0x560bcac22440_0;
    %nor/r;
    %flag_set/vec4 8;
    %jmp/0xz  T_6.0, 8;
    %pushi/vec4 0, 0, 28;
    %split/vec4 1;
    %assign/vec4 v0x560bcac20f00_0, 0;
    %assign/vec4 v0x560bcac20350_0, 0;
    %jmp T_6.1;
T_6.0 ;
    %load/vec4 v0x560bcac201e0_0;
    %load/vec4 v0x560bcac20e40_0;
    %concat/vec4; draw_concat_vec4
    %split/vec4 1;
    %assign/vec4 v0x560bcac20f00_0, 0;
    %assign/vec4 v0x560bcac20350_0, 0;
T_6.1 ;
    %jmp T_6;
    .thread T_6;
    .scope S_0x560bcabe2800;
T_7 ;
    %wait E_0x560bcac07340;
    %load/vec4 v0x560bcac20350_0;
    %store/vec4 v0x560bcac20430_0, 0, 27;
    %load/vec4 v0x560bcac08080_0;
    %store/vec4 v0x560bcab8d240_0, 0, 8;
    %pushi/vec4 0, 0, 32;
    %store/vec4 v0x560bcac21440_0, 0, 32;
T_7.0 ;
    %load/vec4 v0x560bcac21440_0;
    %cmpi/s 26, 0, 32;
    %flag_or 5, 4;
    %jmp/0xz T_7.1, 5;
    %load/vec4 v0x560bcac20430_0;
    %parti/s 1, 26, 6;
    %cmpi/e 0, 0, 1;
    %jmp/0xz  T_7.2, 4;
    %load/vec4 v0x560bcac20430_0;
    %ix/load 4, 1, 0;
    %flag_set/imm 4, 0;
    %shiftl 4;
    %store/vec4 v0x560bcac20430_0, 0, 27;
    %load/vec4 v0x560bcab8d240_0;
    %subi 1, 0, 8;
    %store/vec4 v0x560bcab8d240_0, 0, 8;
T_7.2 ;
    %load/vec4 v0x560bcac21440_0;
    %addi 1, 0, 32;
    %store/vec4 v0x560bcac21440_0, 0, 32;
    %jmp T_7.0;
T_7.1 ;
    %load/vec4 v0x560bcac20430_0;
    %parti/s 1, 26, 6;
    %cmpi/e 1, 0, 1;
    %jmp/0xz  T_7.4, 4;
    %load/vec4 v0x560bcac20430_0;
    %ix/load 4, 1, 0;
    %flag_set/imm 4, 0;
    %shiftr 4;
    %store/vec4 v0x560bcac20430_0, 0, 27;
    %load/vec4 v0x560bcab8d240_0;
    %addi 1, 0, 8;
    %store/vec4 v0x560bcab8d240_0, 0, 8;
T_7.4 ;
    %jmp T_7;
    .thread T_7, $push;
    .scope S_0x560bcabe2800;
T_8 ;
    %wait E_0x560bcab64ad0;
    %load/vec4 v0x560bcab8d240_0;
    %load/vec4 v0x560bcac20430_0;
    %parti/s 23, 2, 3;
    %concat/vec4; draw_concat_vec4
    %store/vec4 v0x560bcac21ce0_0, 0, 31;
    %load/vec4 v0x560bcac21ce0_0;
    %addi 1, 0, 31;
    %store/vec4 v0x560bcac21ce0_0, 0, 31;
    %pushi/vec4 0, 0, 1;
    %store/vec4 v0x560bcac20fc0_0, 0, 1;
    %load/vec4 v0x560bcac20430_0;
    %parti/s 1, 1, 2;
    %store/vec4 v0x560bcac21380_0, 0, 1;
    %load/vec4 v0x560bcac22500_0;
    %load/vec4 v0x560bcac20430_0;
    %parti/s 1, 0, 2;
    %or;
    %store/vec4 v0x560bcac225c0_0, 0, 1;
    %load/vec4 v0x560bcac20430_0;
    %parti/s 1, 2, 3;
    %store/vec4 v0x560bcac21c20_0, 0, 1;
    %load/vec4 v0x560bcac22360_0;
    %cmpi/e 0, 0, 3;
    %flag_mov 8, 4;
    %load/vec4 v0x560bcac20970_0;
    %nor/r;
    %load/vec4 v0x560bcac22360_0;
    %pushi/vec4 3, 0, 3;
    %cmp/e;
    %flag_get/vec4 4;
    %and;
    %flag_set/vec4 9;
    %flag_or 9, 8;
    %load/vec4 v0x560bcac22360_0;
    %pushi/vec4 2, 0, 3;
    %cmp/e;
    %flag_get/vec4 4;
    %load/vec4 v0x560bcac20970_0;
    %and;
    %flag_set/vec4 8;
    %flag_or 8, 9;
    %jmp/0xz  T_8.0, 8;
    %load/vec4 v0x560bcac20430_0;
    %parti/s 23, 2, 3;
    %store/vec4 v0x560bcac20100_0, 0, 23;
    %load/vec4 v0x560bcab8d240_0;
    %store/vec4 v0x560bcab42370_0, 0, 8;
    %jmp T_8.1;
T_8.0 ;
    %load/vec4 v0x560bcac22360_0;
    %cmpi/e 1, 0, 3;
    %jmp/0xz  T_8.2, 4;
    %load/vec4 v0x560bcac21380_0;
    %load/vec4 v0x560bcac225c0_0;
    %concat/vec4; draw_concat_vec4
    %dup/vec4;
    %pushi/vec4 0, 0, 2;
    %cmp/u;
    %jmp/1 T_8.4, 6;
    %dup/vec4;
    %pushi/vec4 1, 0, 2;
    %cmp/u;
    %jmp/1 T_8.5, 6;
    %dup/vec4;
    %pushi/vec4 2, 0, 2;
    %cmp/u;
    %jmp/1 T_8.6, 6;
    %dup/vec4;
    %pushi/vec4 3, 0, 2;
    %cmp/u;
    %jmp/1 T_8.7, 6;
    %jmp T_8.8;
T_8.4 ;
    %load/vec4 v0x560bcac20430_0;
    %parti/s 23, 2, 3;
    %store/vec4 v0x560bcac20100_0, 0, 23;
    %load/vec4 v0x560bcab8d240_0;
    %store/vec4 v0x560bcab42370_0, 0, 8;
    %jmp T_8.8;
T_8.5 ;
    %load/vec4 v0x560bcac20430_0;
    %parti/s 23, 2, 3;
    %store/vec4 v0x560bcac20100_0, 0, 23;
    %load/vec4 v0x560bcab8d240_0;
    %store/vec4 v0x560bcab42370_0, 0, 8;
    %jmp T_8.8;
T_8.6 ;
    %load/vec4 v0x560bcac21ce0_0;
    %parti/s 1, 0, 2;
    %cmpi/e 0, 0, 1;
    %jmp/0xz  T_8.9, 4;
    %load/vec4 v0x560bcac21ce0_0;
    %parti/s 23, 0, 2;
    %store/vec4 v0x560bcac20100_0, 0, 23;
    %load/vec4 v0x560bcac21ce0_0;
    %parti/s 8, 23, 6;
    %store/vec4 v0x560bcab42370_0, 0, 8;
    %jmp T_8.10;
T_8.9 ;
    %load/vec4 v0x560bcac20430_0;
    %parti/s 23, 2, 3;
    %store/vec4 v0x560bcac20100_0, 0, 23;
    %load/vec4 v0x560bcab8d240_0;
    %store/vec4 v0x560bcab42370_0, 0, 8;
T_8.10 ;
    %jmp T_8.8;
T_8.7 ;
    %load/vec4 v0x560bcac21ce0_0;
    %parti/s 23, 0, 2;
    %store/vec4 v0x560bcac20100_0, 0, 23;
    %load/vec4 v0x560bcac21ce0_0;
    %parti/s 8, 23, 6;
    %store/vec4 v0x560bcab42370_0, 0, 8;
    %jmp T_8.8;
T_8.8 ;
    %pop/vec4 1;
    %jmp T_8.3;
T_8.2 ;
    %load/vec4 v0x560bcac22360_0;
    %pushi/vec4 2, 0, 3;
    %cmp/e;
    %flag_get/vec4 4;
    %load/vec4 v0x560bcac20970_0;
    %nor/r;
    %and;
    %flag_set/vec4 8;
    %load/vec4 v0x560bcac20970_0;
    %load/vec4 v0x560bcac22360_0;
    %pushi/vec4 3, 0, 3;
    %cmp/e;
    %flag_get/vec4 4;
    %and;
    %flag_set/vec4 9;
    %flag_or 9, 8;
    %jmp/0xz  T_8.11, 9;
    %load/vec4 v0x560bcac21380_0;
    %load/vec4 v0x560bcac225c0_0;
    %concat/vec4; draw_concat_vec4
    %cmpi/e 0, 0, 2;
    %jmp/0xz  T_8.13, 4;
    %load/vec4 v0x560bcac20430_0;
    %parti/s 23, 2, 3;
    %store/vec4 v0x560bcac20100_0, 0, 23;
    %load/vec4 v0x560bcab8d240_0;
    %store/vec4 v0x560bcab42370_0, 0, 8;
    %jmp T_8.14;
T_8.13 ;
    %load/vec4 v0x560bcac21ce0_0;
    %parti/s 23, 0, 2;
    %store/vec4 v0x560bcac20100_0, 0, 23;
    %load/vec4 v0x560bcac21ce0_0;
    %parti/s 8, 23, 6;
    %store/vec4 v0x560bcab42370_0, 0, 8;
T_8.14 ;
    %jmp T_8.12;
T_8.11 ;
    %load/vec4 v0x560bcac22360_0;
    %cmpi/e 4, 0, 3;
    %jmp/0xz  T_8.15, 4;
    %load/vec4 v0x560bcac21380_0;
    %load/vec4 v0x560bcac225c0_0;
    %concat/vec4; draw_concat_vec4
    %dup/vec4;
    %pushi/vec4 0, 0, 2;
    %cmp/u;
    %jmp/1 T_8.17, 6;
    %dup/vec4;
    %pushi/vec4 1, 0, 2;
    %cmp/u;
    %jmp/1 T_8.18, 6;
    %dup/vec4;
    %pushi/vec4 2, 0, 2;
    %cmp/u;
    %jmp/1 T_8.19, 6;
    %dup/vec4;
    %pushi/vec4 3, 0, 2;
    %cmp/u;
    %jmp/1 T_8.20, 6;
    %jmp T_8.21;
T_8.17 ;
    %load/vec4 v0x560bcac20430_0;
    %parti/s 23, 2, 3;
    %store/vec4 v0x560bcac20100_0, 0, 23;
    %load/vec4 v0x560bcab8d240_0;
    %store/vec4 v0x560bcab42370_0, 0, 8;
    %jmp T_8.21;
T_8.18 ;
    %load/vec4 v0x560bcac20430_0;
    %parti/s 23, 2, 3;
    %store/vec4 v0x560bcac20100_0, 0, 23;
    %load/vec4 v0x560bcab8d240_0;
    %store/vec4 v0x560bcab42370_0, 0, 8;
    %jmp T_8.21;
T_8.19 ;
    %load/vec4 v0x560bcac21ce0_0;
    %parti/s 23, 0, 2;
    %store/vec4 v0x560bcac20100_0, 0, 23;
    %load/vec4 v0x560bcac21ce0_0;
    %parti/s 8, 23, 6;
    %store/vec4 v0x560bcab42370_0, 0, 8;
    %jmp T_8.21;
T_8.20 ;
    %load/vec4 v0x560bcac21ce0_0;
    %parti/s 23, 0, 2;
    %store/vec4 v0x560bcac20100_0, 0, 23;
    %load/vec4 v0x560bcac21ce0_0;
    %parti/s 8, 23, 6;
    %store/vec4 v0x560bcab42370_0, 0, 8;
    %jmp T_8.21;
T_8.21 ;
    %pop/vec4 1;
    %jmp T_8.16;
T_8.15 ;
    %load/vec4 v0x560bcac20430_0;
    %parti/s 23, 2, 3;
    %store/vec4 v0x560bcac20100_0, 0, 23;
    %load/vec4 v0x560bcab8d240_0;
    %store/vec4 v0x560bcab42370_0, 0, 8;
T_8.16 ;
T_8.12 ;
T_8.3 ;
T_8.1 ;
    %load/vec4 v0x560bcac20100_0;
    %load/vec4 v0x560bcac20430_0;
    %parti/s 23, 2, 3;
    %cmp/e;
    %flag_get/vec4 4;
    %load/vec4 v0x560bcac22500_0;
    %pad/u 32;
    %pushi/vec4 0, 0, 32;
    %cmp/e;
    %flag_get/vec4 4;
    %and;
    %load/vec4 v0x560bcac21380_0;
    %pad/u 32;
    %pushi/vec4 0, 0, 32;
    %cmp/e;
    %flag_get/vec4 4;
    %and;
    %flag_set/vec4 8;
    %jmp/0xz  T_8.22, 8;
    %pushi/vec4 0, 0, 1;
    %store/vec4 v0x560bcac217a0_0, 0, 1;
    %load/vec4 v0x560bcac20f00_0;
    %store/vec4 v0x560bcac20fc0_0, 0, 1;
    %jmp T_8.23;
T_8.22 ;
    %pushi/vec4 1, 0, 1;
    %store/vec4 v0x560bcac217a0_0, 0, 1;
    %load/vec4 v0x560bcac20f00_0;
    %store/vec4 v0x560bcac20fc0_0, 0, 1;
T_8.23 ;
    %jmp T_8;
    .thread T_8, $push;
    .scope S_0x560bcabe2800;
T_9 ;
    %wait E_0x560bcab9a700;
    %pushi/vec4 254, 0, 8;
    %load/vec4 v0x560bcac08080_0;
    %cmp/u;
    %flag_get/vec4 5;
    %pushi/vec4 254, 0, 8;
    %load/vec4 v0x560bcab42370_0;
    %cmp/u;
    %flag_get/vec4 5;
    %or;
    %flag_set/vec4 8;
    %jmp/0 T_9.0, 8;
    %pushi/vec4 1, 0, 1;
    %jmp/1 T_9.1, 8;
T_9.0 ; End of true expr.
    %pushi/vec4 0, 0, 1;
    %jmp/0 T_9.1, 8;
 ; End of false expr.
    %blend;
T_9.1;
    %load/vec4 v0x560bcac08080_0;
    %cmpi/u 1, 0, 8;
    %flag_get/vec4 5;
    %load/vec4 v0x560bcab42370_0;
    %cmpi/u 1, 0, 8;
    %flag_get/vec4 5;
    %or;
    %flag_set/vec4 8;
    %jmp/0 T_9.2, 8;
    %pushi/vec4 1, 0, 1;
    %jmp/1 T_9.3, 8;
T_9.2 ; End of true expr.
    %pushi/vec4 0, 0, 1;
    %jmp/0 T_9.3, 8;
 ; End of false expr.
    %blend;
T_9.3;
    %concat/vec4; draw_concat_vec4
    %split/vec4 1;
    %store/vec4 v0x560bcac22740_0, 0, 1;
    %store/vec4 v0x560bcac22120_0, 0, 1;
    %jmp T_9;
    .thread T_9, $push;
    .scope S_0x560bcabe2800;
T_10 ;
    %wait E_0x560bcab99f30;
    %load/vec4 v0x560bcac22440_0;
    %nor/r;
    %flag_set/vec4 8;
    %jmp/0xz  T_10.0, 8;
    %pushi/vec4 4, 0, 37;
    %split/vec4 1;
    %assign/vec4 v0x560bcac216e0_0, 0;
    %split/vec4 1;
    %assign/vec4 v0x560bcac219e0_0, 0;
    %split/vec4 1;
    %assign/vec4 v0x560bcac20d80_0, 0;
    %split/vec4 1;
    %assign/vec4 v0x560bcac22680_0, 0;
    %split/vec4 1;
    %assign/vec4 v0x560bcac22060_0, 0;
    %split/vec4 23;
    %ix/load 4, 0, 0;
    %ix/load 5, 0, 0;
    %flag_set/imm 4, 0;
    %assign/vec4/off/d v0x560bcac21dc0_0, 4, 5;
    %split/vec4 8;
    %ix/load 4, 23, 0;
    %ix/load 5, 0, 0;
    %flag_set/imm 4, 0;
    %assign/vec4/off/d v0x560bcac21dc0_0, 4, 5;
    %ix/load 4, 31, 0;
    %ix/load 5, 0, 0;
    %flag_set/imm 4, 0;
    %assign/vec4/off/d v0x560bcac21dc0_0, 4, 5;
    %jmp T_10.1;
T_10.0 ;
    %load/vec4 v0x560bcac21200_0;
    %nor/r;
    %flag_set/vec4 8;
    %jmp/0xz  T_10.2, 8;
    %load/vec4 v0x560bcac20970_0;
    %load/vec4 v0x560bcab42370_0;
    %concat/vec4; draw_concat_vec4
    %load/vec4 v0x560bcac20100_0;
    %concat/vec4; draw_concat_vec4
    %load/vec4 v0x560bcac22120_0;
    %concat/vec4; draw_concat_vec4
    %load/vec4 v0x560bcac22740_0;
    %concat/vec4; draw_concat_vec4
    %load/vec4 v0x560bcac20fc0_0;
    %concat/vec4; draw_concat_vec4
    %concati/vec4 0, 0, 1;
    %load/vec4 v0x560bcac217a0_0;
    %concat/vec4; draw_concat_vec4
    %split/vec4 1;
    %assign/vec4 v0x560bcac216e0_0, 0;
    %split/vec4 1;
    %assign/vec4 v0x560bcac219e0_0, 0;
    %split/vec4 1;
    %assign/vec4 v0x560bcac20d80_0, 0;
    %split/vec4 1;
    %assign/vec4 v0x560bcac22680_0, 0;
    %split/vec4 1;
    %assign/vec4 v0x560bcac22060_0, 0;
    %split/vec4 23;
    %ix/load 4, 0, 0;
    %ix/load 5, 0, 0;
    %flag_set/imm 4, 0;
    %assign/vec4/off/d v0x560bcac21dc0_0, 4, 5;
    %split/vec4 8;
    %ix/load 4, 23, 0;
    %ix/load 5, 0, 0;
    %flag_set/imm 4, 0;
    %assign/vec4/off/d v0x560bcac21dc0_0, 4, 5;
    %ix/load 4, 31, 0;
    %ix/load 5, 0, 0;
    %flag_set/imm 4, 0;
    %assign/vec4/off/d v0x560bcac21dc0_0, 4, 5;
    %jmp T_10.3;
T_10.2 ;
    %load/vec4 v0x560bcac21ea0_0;
    %load/vec4 v0x560bcac221e0_0;
    %concat/vec4; draw_concat_vec4
    %load/vec4 v0x560bcac22800_0;
    %concat/vec4; draw_concat_vec4
    %load/vec4 v0x560bcac21080_0;
    %concat/vec4; draw_concat_vec4
    %load/vec4 v0x560bcac21aa0_0;
    %concat/vec4; draw_concat_vec4
    %load/vec4 v0x560bcac21860_0;
    %concat/vec4; draw_concat_vec4
    %split/vec4 1;
    %assign/vec4 v0x560bcac216e0_0, 0;
    %split/vec4 1;
    %assign/vec4 v0x560bcac219e0_0, 0;
    %split/vec4 1;
    %assign/vec4 v0x560bcac20d80_0, 0;
    %split/vec4 1;
    %assign/vec4 v0x560bcac22680_0, 0;
    %split/vec4 1;
    %assign/vec4 v0x560bcac22060_0, 0;
    %assign/vec4 v0x560bcac21dc0_0, 0;
T_10.3 ;
T_10.1 ;
    %jmp T_10;
    .thread T_10;
    .scope S_0x560bcabe5e50;
T_11 ;
    %wait E_0x560bcab99f30;
    %load/vec4 v0x560bcac24190_0;
    %nor/r;
    %flag_set/vec4 8;
    %jmp/0xz  T_11.0, 8;
    %pushi/vec4 0, 0, 6;
    %split/vec4 1;
    %assign/vec4 v0x560bcac23910_0, 0;
    %split/vec4 1;
    %assign/vec4 v0x560bcac23e90_0, 0;
    %split/vec4 1;
    %assign/vec4 v0x560bcac23610_0, 0;
    %split/vec4 1;
    %assign/vec4 v0x560bcac23b50_0, 0;
    %split/vec4 1;
    %assign/vec4 v0x560bcac23850_0, 0;
    %assign/vec4 v0x560bcac240d0_0, 0;
    %jmp T_11.1;
T_11.0 ;
    %load/vec4 v0x560bcac23c10_0;
    %cmpi/e 2139095040, 0, 32;
    %flag_mov 8, 4;
    %load/vec4 v0x560bcac23cf0_0;
    %cmpi/e 2139095040, 0, 32;
    %flag_or 4, 8;
    %jmp/0xz  T_11.2, 4;
    %pushi/vec4 7, 0, 6;
    %split/vec4 1;
    %assign/vec4 v0x560bcac23910_0, 0;
    %split/vec4 1;
    %assign/vec4 v0x560bcac23e90_0, 0;
    %split/vec4 1;
    %assign/vec4 v0x560bcac23610_0, 0;
    %split/vec4 1;
    %assign/vec4 v0x560bcac23b50_0, 0;
    %split/vec4 1;
    %assign/vec4 v0x560bcac23850_0, 0;
    %assign/vec4 v0x560bcac240d0_0, 0;
    %jmp T_11.3;
T_11.2 ;
    %load/vec4 v0x560bcac23c10_0;
    %pushi/vec4 0, 0, 32;
    %cmp/e;
    %flag_get/vec4 4;
    %load/vec4 v0x560bcac23cf0_0;
    %pushi/vec4 2147483648, 0, 32;
    %cmp/e;
    %flag_get/vec4 4;
    %and;
    %flag_set/vec4 8;
    %load/vec4 v0x560bcac23c10_0;
    %pushi/vec4 2147483648, 0, 32;
    %cmp/e;
    %flag_get/vec4 4;
    %load/vec4 v0x560bcac23cf0_0;
    %pushi/vec4 0, 0, 32;
    %cmp/e;
    %flag_get/vec4 4;
    %and;
    %flag_set/vec4 9;
    %flag_or 9, 8;
    %jmp/0xz  T_11.4, 9;
    %pushi/vec4 23, 0, 6;
    %split/vec4 1;
    %assign/vec4 v0x560bcac23910_0, 0;
    %split/vec4 1;
    %assign/vec4 v0x560bcac23e90_0, 0;
    %split/vec4 1;
    %assign/vec4 v0x560bcac23610_0, 0;
    %split/vec4 1;
    %assign/vec4 v0x560bcac23b50_0, 0;
    %split/vec4 1;
    %assign/vec4 v0x560bcac23850_0, 0;
    %assign/vec4 v0x560bcac240d0_0, 0;
    %jmp T_11.5;
T_11.4 ;
    %load/vec4 v0x560bcac23c10_0;
    %cmpi/e 2139095040, 0, 32;
    %flag_mov 8, 4;
    %load/vec4 v0x560bcac23cf0_0;
    %cmpi/e 2139095040, 0, 32;
    %flag_or 4, 8;
    %flag_mov 8, 4;
    %load/vec4 v0x560bcac23c10_0;
    %cmpi/e 4286578688, 0, 32;
    %flag_or 4, 8;
    %flag_mov 8, 4;
    %load/vec4 v0x560bcac23cf0_0;
    %cmpi/e 4286578688, 0, 32;
    %flag_or 4, 8;
    %jmp/0xz  T_11.6, 4;
    %pushi/vec4 7, 0, 6;
    %split/vec4 1;
    %assign/vec4 v0x560bcac23910_0, 0;
    %split/vec4 1;
    %assign/vec4 v0x560bcac23e90_0, 0;
    %split/vec4 1;
    %assign/vec4 v0x560bcac23610_0, 0;
    %split/vec4 1;
    %assign/vec4 v0x560bcac23b50_0, 0;
    %split/vec4 1;
    %assign/vec4 v0x560bcac23850_0, 0;
    %assign/vec4 v0x560bcac240d0_0, 0;
    %jmp T_11.7;
T_11.6 ;
    %pushi/vec4 7, 0, 6;
    %split/vec4 1;
    %assign/vec4 v0x560bcac23910_0, 0;
    %split/vec4 1;
    %assign/vec4 v0x560bcac23e90_0, 0;
    %split/vec4 1;
    %assign/vec4 v0x560bcac23610_0, 0;
    %split/vec4 1;
    %assign/vec4 v0x560bcac23b50_0, 0;
    %split/vec4 1;
    %assign/vec4 v0x560bcac23850_0, 0;
    %assign/vec4 v0x560bcac240d0_0, 0;
T_11.7 ;
T_11.5 ;
T_11.3 ;
T_11.1 ;
    %jmp T_11;
    .thread T_11;
    .scope S_0x560bcabe5e50;
T_12 ;
    %wait E_0x560bcac06d80;
    %pushi/vec4 0, 0, 1;
    %store/vec4 v0x560bcac23550_0, 0, 1;
    %load/vec4 v0x560bcac23180_0;
    %load/vec4 v0x560bcac23290_0;
    %cmp/e;
    %jmp/0xz  T_12.0, 4;
    %load/vec4 v0x560bcac22e00_0;
    %load/vec4 v0x560bcac22f00_0;
    %cmp/e;
    %jmp/0xz  T_12.2, 4;
    %load/vec4 v0x560bcac22fe0_0;
    %load/vec4 v0x560bcac230a0_0;
    %cmp/e;
    %jmp/0xz  T_12.4, 4;
    %pushi/vec4 1, 0, 1;
    %store/vec4 v0x560bcac23790_0, 0, 1;
    %pushi/vec4 0, 0, 1;
    %store/vec4 v0x560bcac24010_0, 0, 1;
    %pushi/vec4 0, 0, 1;
    %store/vec4 v0x560bcac23a90_0, 0, 1;
    %pushi/vec4 1, 0, 1;
    %store/vec4 v0x560bcac23550_0, 0, 1;
    %jmp T_12.5;
T_12.4 ;
    %load/vec4 v0x560bcac230a0_0;
    %load/vec4 v0x560bcac22fe0_0;
    %cmp/u;
    %jmp/0xz  T_12.6, 5;
    %pushi/vec4 1, 0, 1;
    %store/vec4 v0x560bcac23a90_0, 0, 1;
    %pushi/vec4 0, 0, 1;
    %store/vec4 v0x560bcac24010_0, 0, 1;
    %pushi/vec4 0, 0, 1;
    %store/vec4 v0x560bcac23790_0, 0, 1;
    %pushi/vec4 1, 0, 1;
    %store/vec4 v0x560bcac23550_0, 0, 1;
    %jmp T_12.7;
T_12.6 ;
    %pushi/vec4 0, 0, 1;
    %store/vec4 v0x560bcac23a90_0, 0, 1;
    %pushi/vec4 1, 0, 1;
    %store/vec4 v0x560bcac24010_0, 0, 1;
    %pushi/vec4 0, 0, 1;
    %store/vec4 v0x560bcac23790_0, 0, 1;
    %pushi/vec4 1, 0, 1;
    %store/vec4 v0x560bcac23550_0, 0, 1;
T_12.7 ;
T_12.5 ;
    %jmp T_12.3;
T_12.2 ;
    %load/vec4 v0x560bcac22f00_0;
    %load/vec4 v0x560bcac22e00_0;
    %cmp/u;
    %jmp/0xz  T_12.8, 5;
    %pushi/vec4 1, 0, 1;
    %store/vec4 v0x560bcac23a90_0, 0, 1;
    %pushi/vec4 0, 0, 1;
    %store/vec4 v0x560bcac24010_0, 0, 1;
    %pushi/vec4 0, 0, 1;
    %store/vec4 v0x560bcac23790_0, 0, 1;
    %pushi/vec4 1, 0, 1;
    %store/vec4 v0x560bcac23550_0, 0, 1;
    %jmp T_12.9;
T_12.8 ;
    %pushi/vec4 0, 0, 1;
    %store/vec4 v0x560bcac23a90_0, 0, 1;
    %pushi/vec4 1, 0, 1;
    %store/vec4 v0x560bcac24010_0, 0, 1;
    %pushi/vec4 0, 0, 1;
    %store/vec4 v0x560bcac23790_0, 0, 1;
    %pushi/vec4 1, 0, 1;
    %store/vec4 v0x560bcac23550_0, 0, 1;
T_12.9 ;
T_12.3 ;
    %jmp T_12.1;
T_12.0 ;
    %load/vec4 v0x560bcac23180_0;
    %cmpi/e 1, 0, 1;
    %jmp/0xz  T_12.10, 4;
    %pushi/vec4 1, 0, 1;
    %store/vec4 v0x560bcac24010_0, 0, 1;
    %pushi/vec4 0, 0, 1;
    %store/vec4 v0x560bcac23a90_0, 0, 1;
    %pushi/vec4 0, 0, 1;
    %store/vec4 v0x560bcac23790_0, 0, 1;
    %pushi/vec4 1, 0, 1;
    %store/vec4 v0x560bcac23550_0, 0, 1;
    %jmp T_12.11;
T_12.10 ;
    %pushi/vec4 1, 0, 1;
    %store/vec4 v0x560bcac23a90_0, 0, 1;
    %pushi/vec4 0, 0, 1;
    %store/vec4 v0x560bcac24010_0, 0, 1;
    %pushi/vec4 0, 0, 1;
    %store/vec4 v0x560bcac23790_0, 0, 1;
    %pushi/vec4 1, 0, 1;
    %store/vec4 v0x560bcac23550_0, 0, 1;
T_12.11 ;
T_12.1 ;
    %jmp T_12;
    .thread T_12, $push;
    .scope S_0x560bcabe5e50;
T_13 ;
    %wait E_0x560bcab99f30;
    %load/vec4 v0x560bcac24190_0;
    %nor/r;
    %flag_set/vec4 8;
    %jmp/0xz  T_13.0, 8;
    %pushi/vec4 0, 0, 5;
    %split/vec4 1;
    %assign/vec4 v0x560bcac23dd0_0, 0;
    %split/vec4 1;
    %assign/vec4 v0x560bcac234b0_0, 0;
    %split/vec4 1;
    %assign/vec4 v0x560bcac239d0_0, 0;
    %split/vec4 1;
    %assign/vec4 v0x560bcac236d0_0, 0;
    %assign/vec4 v0x560bcac23f50_0, 0;
    %jmp T_13.1;
T_13.0 ;
    %load/vec4 v0x560bcac23910_0;
    %nor/r;
    %flag_set/vec4 8;
    %jmp/0xz  T_13.2, 8;
    %load/vec4 v0x560bcac24010_0;
    %load/vec4 v0x560bcac23790_0;
    %concat/vec4; draw_concat_vec4
    %load/vec4 v0x560bcac23a90_0;
    %concat/vec4; draw_concat_vec4
    %load/vec4 v0x560bcac23550_0;
    %concat/vec4; draw_concat_vec4
    %concati/vec4 0, 0, 1;
    %split/vec4 1;
    %assign/vec4 v0x560bcac23dd0_0, 0;
    %split/vec4 1;
    %assign/vec4 v0x560bcac234b0_0, 0;
    %split/vec4 1;
    %assign/vec4 v0x560bcac239d0_0, 0;
    %split/vec4 1;
    %assign/vec4 v0x560bcac236d0_0, 0;
    %assign/vec4 v0x560bcac23f50_0, 0;
    %jmp T_13.3;
T_13.2 ;
    %load/vec4 v0x560bcac240d0_0;
    %load/vec4 v0x560bcac23850_0;
    %concat/vec4; draw_concat_vec4
    %load/vec4 v0x560bcac23b50_0;
    %concat/vec4; draw_concat_vec4
    %load/vec4 v0x560bcac23610_0;
    %concat/vec4; draw_concat_vec4
    %load/vec4 v0x560bcac23e90_0;
    %concat/vec4; draw_concat_vec4
    %split/vec4 1;
    %assign/vec4 v0x560bcac23dd0_0, 0;
    %split/vec4 1;
    %assign/vec4 v0x560bcac234b0_0, 0;
    %split/vec4 1;
    %assign/vec4 v0x560bcac239d0_0, 0;
    %split/vec4 1;
    %assign/vec4 v0x560bcac236d0_0, 0;
    %assign/vec4 v0x560bcac23f50_0, 0;
T_13.3 ;
T_13.1 ;
    %jmp T_13;
    .thread T_13;
# The file index is used to find the file name in the following table.
:file_names 6;
    "N/A";
    "<interactive>";
    "user_project_wrapper_intercon.v";
    "fp_add.v";
    "fp_comp.v";
    "fpu_interconnect.v";
